<?xml version="1.0" encoding="UTF-8"?>
<!-- Generated by org.testng.reporters.JUnitReportReporter -->
<testsuite skipped="0" hostname="LAPTOP-S220IUBQ" name="com.testng.Paramertized_Test" tests="1" failures="0" timestamp="2022-01-21T19:19:38 IST" time="0.006" errors="0">
  <testcase name="param" time="0.006" classname="com.testng.Paramertized_Test"/>
  <system-out/>
</testsuite> <!-- com.testng.Paramertized_Test -->
