<?xml version="1.0" encoding="UTF-8"?>
<!-- Generated by org.testng.reporters.JUnitReportReporter -->
<testsuite skipped="0" hostname="LAPTOP-S220IUBQ" name="com.testng.Grouping_Test" tests="4" failures="0" timestamp="2022-01-21T19:02:21 IST" time="0.011" errors="0">
  <testcase name="spotify" time="0.001" classname="com.testng.Grouping_Test"/>
  <system-out/>
  <testcase name="tshirt" time="0.000" classname="com.testng.Grouping_Test"/>
  <system-out/>
  <testcase name="wynk" time="0.001" classname="com.testng.Grouping_Test"/>
  <system-out/>
  <testcase name="dresses" time="0.009" classname="com.testng.Grouping_Test"/>
  <system-out/>
</testsuite> <!-- com.testng.Grouping_Test -->
