<?xml version="1.0" encoding="UTF-8"?>
<!-- Generated by org.testng.reporters.JUnitReportReporter -->
<testsuite skipped="1" hostname="LAPTOP-S220IUBQ" name="com.maven.Ignore_Test" tests="3" failures="0" timestamp="2022-01-20T10:12:34 IST" time="0.005" errors="0">
  <testcase name="signin" time="0.000" classname="com.maven.Ignore_Test"/>
  <system-out/>
  <testcase name="setProperty" time="0.005" classname="com.maven.Ignore_Test"/>
  <system-out/>
  <testcase name="browserLaunch" classname="com.maven.Ignore_Test">
    <skipped/>
  </testcase> <!-- browserLaunch -->
  <system-out/>
</testsuite> <!-- com.maven.Ignore_Test -->
