<?xml version="1.0" encoding="UTF-8"?>
<!-- Generated by org.testng.reporters.JUnitReportReporter -->
<testsuite skipped="0" hostname="LAPTOP-S220IUBQ" name="com.maven.Parameterized_Test" tests="1" failures="0" timestamp="2022-01-21T15:09:07 IST" time="0.015" errors="0">
  <testcase name="param" time="0.015" classname="com.maven.Parameterized_Test"/>
  <system-out/>
</testsuite> <!-- com.maven.Parameterized_Test -->
