<?xml version="1.0" encoding="UTF-8"?>
<!-- Generated by org.testng.reporters.JUnitReportReporter -->
<testsuite skipped="0" hostname="LAPTOP-S220IUBQ" name="com.maven.Grouping" tests="5" failures="0" timestamp="2022-01-21T14:57:20 IST" time="0.015" errors="0">
  <testcase name="wynk" time="0.002" classname="com.maven.Grouping"/>
  <system-out/>
  <testcase name="spotify" time="0.001" classname="com.maven.Grouping"/>
  <system-out/>
  <testcase name="tshirt" time="0.002" classname="com.maven.Grouping"/>
  <system-out/>
  <testcase name="dresses" time="0.009" classname="com.maven.Grouping"/>
  <system-out/>
  <testcase name="novel" time="0.001" classname="com.maven.Grouping"/>
  <system-out/>
</testsuite> <!-- com.maven.Grouping -->
