<?xml version="1.0" encoding="UTF-8"?>
<!-- Generated by org.testng.reporters.JUnitReportReporter -->
<testsuite skipped="0" hostname="LAPTOP-S220IUBQ" name="com.maven.Simple_Annotations" tests="3" failures="0" timestamp="2022-05-16T11:26:01 IST" time="0.014" errors="0">
  <testcase name="tshirts" time="0.003" classname="com.maven.Simple_Annotations"/>
  <system-out/>
  <testcase name="women" time="0.001" classname="com.maven.Simple_Annotations"/>
  <system-out/>
  <testcase name="dresses" time="0.010" classname="com.maven.Simple_Annotations"/>
  <system-out/>
</testsuite> <!-- com.maven.Simple_Annotations -->
