<?xml version="1.0" encoding="UTF-8"?>
<!-- Generated by org.testng.reporters.JUnitReportReporter -->
<testsuite skipped="0" hostname="LAPTOP-S220IUBQ" name="com.maven.Dataprovider" tests="3" failures="0" timestamp="2022-01-23T12:19:41 IST" time="0.010" errors="0">
  <testcase name="credentials" time="0.001" classname="com.maven.Dataprovider"/>
  <system-out/>
  <testcase name="credentials" time="0.001" classname="com.maven.Dataprovider"/>
  <system-out/>
  <testcase name="credentials" time="0.008" classname="com.maven.Dataprovider"/>
  <system-out/>
</testsuite> <!-- com.maven.Dataprovider -->
