<?xml version="1.0" encoding="UTF-8"?>
<!-- Generated by org.testng.reporters.JUnitReportReporter -->
<testsuite skipped="0" hostname="LAPTOP-S220IUBQ" name="com.maven.Dependency" tests="3" failures="0" timestamp="2022-01-24T19:24:15 IST" time="0.033" errors="0">
  <testcase name="offer" time="0.002" classname="com.maven.Dependency"/>
  <system-out/>
  <testcase name="mobile" time="0.027" classname="com.maven.Dependency"/>
  <system-out/>
  <testcase name="watch" time="0.004" classname="com.maven.Dependency"/>
  <system-out/>
</testsuite> <!-- com.maven.Dependency -->
