<?xml version="1.0" encoding="UTF-8"?>
<!-- Generated by org.testng.reporters.JUnitReportReporter -->
<testsuite skipped="0" hostname="LAPTOP-S220IUBQ" name="com.maven.Dependency_P" tests="3" failures="0" timestamp="2022-01-27T10:08:37 IST" time="0.008" errors="0">
  <testcase name="offer" time="0.001" classname="com.maven.Dependency_P"/>
  <system-out/>
  <testcase name="mobile" time="0.006" classname="com.maven.Dependency_P"/>
  <system-out/>
  <testcase name="watch" time="0.001" classname="com.maven.Dependency_P"/>
  <system-out/>
</testsuite> <!-- com.maven.Dependency_P -->
