<?xml version="1.0" encoding="UTF-8"?>
<!-- Generated by org.testng.reporters.JUnitReportReporter -->
<testsuite skipped="0" hostname="LAPTOP-S220IUBQ" name="com.testng.Dataprovider_Test" tests="3" failures="0" timestamp="2022-01-21T19:33:30 IST" time="0.007" errors="0">
  <testcase name="param" time="0.001" classname="com.testng.Dataprovider_Test"/>
  <system-out/>
  <testcase name="param" time="0.000" classname="com.testng.Dataprovider_Test"/>
  <system-out/>
  <testcase name="param" time="0.006" classname="com.testng.Dataprovider_Test"/>
  <system-out/>
</testsuite> <!-- com.testng.Dataprovider_Test -->
