<?xml version="1.0" encoding="UTF-8"?>
<!-- Generated by org.testng.reporters.JUnitReportReporter -->
<testsuite skipped="0" hostname="LAPTOP-S220IUBQ" name="com.maven.Priority_Issue" tests="4" failures="0" timestamp="2022-01-20T10:24:50 IST" time="0.011" errors="0">
  <testcase name="setProperty" time="0.009" classname="com.maven.Priority_Issue"/>
  <system-out/>
  <testcase name="signin" time="0.000" classname="com.maven.Priority_Issue"/>
  <system-out/>
  <testcase name="url" time="0.001" classname="com.maven.Priority_Issue"/>
  <system-out/>
  <testcase name="browserLaunch" time="0.001" classname="com.maven.Priority_Issue"/>
  <system-out/>
</testsuite> <!-- com.maven.Priority_Issue -->
