<?xml version="1.0" encoding="UTF-8"?>
<!-- Generated by org.testng.reporters.JUnitReportReporter -->
<testsuite skipped="0" hostname="LAPTOP-S220IUBQ" name="com.maven.Invocation_Count" tests="8" failures="0" timestamp="2022-01-21T14:35:30 IST" time="0.017" errors="0">
  <testcase name="url" time="0.001" classname="com.maven.Invocation_Count"/>
  <system-out/>
  <testcase name="refresh" time="0.001" classname="com.maven.Invocation_Count"/>
  <system-out/>
  <testcase name="refresh" time="0.001" classname="com.maven.Invocation_Count"/>
  <system-out/>
  <testcase name="setProperty" time="0.001" classname="com.maven.Invocation_Count"/>
  <system-out/>
  <testcase name="refresh" time="0.001" classname="com.maven.Invocation_Count"/>
  <system-out/>
  <testcase name="browserLaunch" time="0.009" classname="com.maven.Invocation_Count"/>
  <system-out/>
  <testcase name="refresh" time="0.001" classname="com.maven.Invocation_Count"/>
  <system-out/>
  <testcase name="refresh" time="0.002" classname="com.maven.Invocation_Count"/>
  <system-out/>
</testsuite> <!-- com.maven.Invocation_Count -->
